/pool/condor/dir_3192288/tmp/Job_1
#--------------------------------------------------------------------------
#                         FastJet release 3.4.1
#                 M. Cacciari, G.P. Salam and G. Soyez                  
#     A software package for jet finding and analysis at colliders      
#                           http://fastjet.fr                           
#	                                                                      
# Please cite EPJC72(2012)1896 [arXiv:1111.6097] if you use this package
# for scientific work and optionally PLB641(2006)57 [hep-ph/0512210].   
#                                                                       
# FastJet is provided without warranty under the GNU GPL v2 or higher.  
# It uses T. Chan's closest pair algorithm, S. Fortune's Voronoi code
# and 3rd party plugin jet algorithms. See COPYING file for details.
#--------------------------------------------------------------------------
--- files in workdir after cmsRun ---
total 12532
drwxr-xr-x. 2 mspannri zh     116 Jul  6 11:04 .
drwx------. 3 mspannri zh      27 Jul  6 11:02 ..
-rw-r--r--. 1 mspannri zh 3463057 Jul  6 11:04 DQMIO.root
-rw-r--r--. 1 mspannri zh     199 Jul  6 11:02 hlt.log
-rw-r--r--. 1 mspannri zh 4470284 Jul  6 11:04 output.root
-rw-r--r--. 1 mspannri zh 4883193 Jul  6 11:02 run_cfg.py
-rwxr-xr-x. 1 mspannri zh     401 Jul  6 11:02 sub_1.sh
