000 (3898288.018.000) 07/07 09:44:02 Job submitted from host: <188.185.129.8:9618?addrs=188.185.129.8-9618+[2001-1458-d03-1--100-8a]-9618&alias=bigbird101.cern.ch&noUDP&sock=schedd_4163165_7dc3>
...
040 (3898288.018.000) 07/07 09:49:26 Started transferring input files
	Transferring to host: <188.185.208.200:9618?addrs=188.185.208.200-9618+[2001-1458-303-10--100-45]-9618&alias=b9p10p0309.cern.ch&noUDP&sock=slot1_14_10718_8ced_280390>
...
040 (3898288.018.000) 07/07 09:49:26 Finished transferring input files
...
001 (3898288.018.000) 07/07 09:49:27 Job executing on host: <188.185.208.200:9618?addrs=188.185.208.200-9618+[2001-1458-303-10--100-45]-9618&alias=b9p10p0309.cern.ch&noUDP&sock=startd_10226_c38f>
	SlotName: slot1_14@b9p10p0309.cern.ch
	CondorScratchDir = "/pool/condor/dir_952929"
	Cpus = 1
	Disk = 3620
	GPUs = 0
	Memory = 3000
...
006 (3898288.018.000) 07/07 09:49:41 Image size of job updated: 174584
	171  -  MemoryUsage of job (MB)
	174584  -  ResidentSetSize of job (KB)
...
006 (3898288.018.000) 07/07 09:54:42 Image size of job updated: 2247752
	2169  -  MemoryUsage of job (MB)
	2220156  -  ResidentSetSize of job (KB)
...
006 (3898288.018.000) 07/07 10:04:29 Image size of job updated: 2259060
	2169  -  MemoryUsage of job (MB)
	2220156  -  ResidentSetSize of job (KB)
...
040 (3898288.018.000) 07/07 10:04:29 Started transferring output files
...
040 (3898288.018.000) 07/07 10:04:30 Finished transferring output files
...
005 (3898288.018.000) 07/07 10:04:30 Job terminated.
	(1) Normal termination (return value 0)
		Usr 0 00:12:58, Sys 0 00:00:44  -  Run Remote Usage
		Usr 0 00:00:00, Sys 0 00:00:00  -  Run Local Usage
		Usr 0 00:12:58, Sys 0 00:00:44  -  Total Remote Usage
		Usr 0 00:00:00, Sys 0 00:00:00  -  Total Local Usage
	28116985  -  Run Bytes Sent By Job
	415  -  Run Bytes Received By Job
	28116985  -  Total Bytes Sent By Job
	415  -  Total Bytes Received By Job
	Partitionable Resources :    Usage  Request Allocated 
	   Cpus                 :     0.98        1         1 
	   Disk (KB)            : 32255           1      3620 
	   GPUs                 :                           0 
	   Memory (MB)          :  2169        3000      3000 
	   TimeExecute (s)      :   902                       
	   TimeSlotBusy (s)     :   905                       
...
