000 (3898288.019.000) 07/07 09:44:02 Job submitted from host: <188.185.129.8:9618?addrs=188.185.129.8-9618+[2001-1458-d03-1--100-8a]-9618&alias=bigbird101.cern.ch&noUDP&sock=schedd_4163165_7dc3>
...
040 (3898288.019.000) 07/07 09:49:26 Started transferring input files
	Transferring to host: <188.185.210.194:9618?addrs=188.185.210.194-9618+[2001-1458-303-15--100-3e]-9618&alias=b9p22p0003.cern.ch&noUDP&sock=slot1_18_9466_673a_829>
...
040 (3898288.019.000) 07/07 09:49:26 Finished transferring input files
...
001 (3898288.019.000) 07/07 09:49:27 Job executing on host: <188.185.210.194:9618?addrs=188.185.210.194-9618+[2001-1458-303-15--100-3e]-9618&alias=b9p22p0003.cern.ch&noUDP&sock=startd_8193_4b85>
	SlotName: slot1_18@b9p22p0003.cern.ch
	CondorScratchDir = "/pool/condor/dir_1515993"
	Cpus = 1
	Disk = 3912
	GPUs = 0
	Memory = 3000
...
006 (3898288.019.000) 07/07 09:49:36 Image size of job updated: 169732
	166  -  MemoryUsage of job (MB)
	169732  -  ResidentSetSize of job (KB)
...
006 (3898288.019.000) 07/07 09:54:37 Image size of job updated: 2354144
	2222  -  MemoryUsage of job (MB)
	2275012  -  ResidentSetSize of job (KB)
...
006 (3898288.019.000) 07/07 09:59:37 Image size of job updated: 2354144
	2225  -  MemoryUsage of job (MB)
	2278364  -  ResidentSetSize of job (KB)
...
040 (3898288.019.000) 07/07 10:01:14 Started transferring output files
...
040 (3898288.019.000) 07/07 10:01:15 Finished transferring output files
...
005 (3898288.019.000) 07/07 10:01:15 Job terminated.
	(1) Normal termination (return value 0)
		Usr 0 00:10:19, Sys 0 00:00:31  -  Run Remote Usage
		Usr 0 00:00:00, Sys 0 00:00:00  -  Run Local Usage
		Usr 0 00:10:19, Sys 0 00:00:31  -  Total Remote Usage
		Usr 0 00:00:00, Sys 0 00:00:00  -  Total Local Usage
	28119390  -  Run Bytes Sent By Job
	415  -  Run Bytes Received By Job
	28119390  -  Total Bytes Sent By Job
	415  -  Total Bytes Received By Job
	Partitionable Resources :    Usage  Request Allocated 
	   Cpus                 :     0.99        1         1 
	   Disk (KB)            : 32254           1      3912 
	   GPUs                 :                           0 
	   Memory (MB)          :  2225        3000      3000 
	   TimeExecute (s)      :   707                       
	   TimeSlotBusy (s)     :   710                       
...
