000 (3898289.017.000) 07/07 09:44:24 Job submitted from host: <188.185.129.8:9618?addrs=188.185.129.8-9618+[2001-1458-d03-1--100-8a]-9618&alias=bigbird101.cern.ch&noUDP&sock=schedd_4163165_7dc3>
...
040 (3898289.017.000) 07/07 09:49:30 Started transferring input files
	Transferring to host: <188.185.195.143:9618?addrs=188.185.195.143-9618+[2001-1458-303-22--100-8b]-9618&alias=b9p17p7191.cern.ch&noUDP&sock=slot1_13_6194_fbb5_291034>
...
040 (3898289.017.000) 07/07 09:49:30 Finished transferring input files
...
001 (3898289.017.000) 07/07 09:49:31 Job executing on host: <188.185.195.143:9618?addrs=188.185.195.143-9618+[2001-1458-303-22--100-8b]-9618&alias=b9p17p7191.cern.ch&noUDP&sock=startd_4951_8d7b>
	SlotName: slot1_13@b9p17p7191.cern.ch
	CondorScratchDir = "/pool/condor/dir_3278714"
	Cpus = 1
	Disk = 3937
	GPUs = 0
	Memory = 3000
...
006 (3898289.017.000) 07/07 09:49:45 Image size of job updated: 314648
	308  -  MemoryUsage of job (MB)
	314648  -  ResidentSetSize of job (KB)
...
006 (3898289.017.000) 07/07 09:54:46 Image size of job updated: 2122384
	2014  -  MemoryUsage of job (MB)
	2061612  -  ResidentSetSize of job (KB)
...
006 (3898289.017.000) 07/07 09:59:47 Image size of job updated: 2132892
	2014  -  MemoryUsage of job (MB)
	2061612  -  ResidentSetSize of job (KB)
...
006 (3898289.017.000) 07/07 10:04:47 Image size of job updated: 2165200
	2088  -  MemoryUsage of job (MB)
	2137368  -  ResidentSetSize of job (KB)
...
006 (3898289.017.000) 07/07 10:09:03 Image size of job updated: 2177212
	2088  -  MemoryUsage of job (MB)
	2137368  -  ResidentSetSize of job (KB)
...
040 (3898289.017.000) 07/07 10:09:03 Started transferring output files
...
040 (3898289.017.000) 07/07 10:09:04 Finished transferring output files
...
005 (3898289.017.000) 07/07 10:09:04 Job terminated.
	(1) Normal termination (return value 0)
		Usr 0 00:17:45, Sys 0 00:00:38  -  Run Remote Usage
		Usr 0 00:00:00, Sys 0 00:00:00  -  Run Local Usage
		Usr 0 00:17:45, Sys 0 00:00:38  -  Total Remote Usage
		Usr 0 00:00:00, Sys 0 00:00:00  -  Total Local Usage
	28127879  -  Run Bytes Sent By Job
	406  -  Run Bytes Received By Job
	28127879  -  Total Bytes Sent By Job
	406  -  Total Bytes Received By Job
	Partitionable Resources :    Usage  Request Allocated 
	   Cpus                 :     0.99        1         1 
	   Disk (KB)            : 32262           1      3937 
	   GPUs                 :                           0 
	   Memory (MB)          :  2088        3000      3000 
	   TimeExecute (s)      :  1172                       
	   TimeSlotBusy (s)     :  1175                       
...
