000 (3897080.000.000) 07/06 11:01:42 Job submitted from host: <188.185.129.8:9618?addrs=188.185.129.8-9618+[2001-1458-d03-1--100-8a]-9618&alias=bigbird101.cern.ch&noUDP&sock=schedd_4163165_7dc3>
...
040 (3897080.000.000) 07/06 11:02:41 Started transferring input files
	Transferring to host: <188.185.192.173:9618?addrs=188.185.192.173-9618+[2001-1458-303-1f--100-a9]-9618&alias=b9p13p0054.cern.ch&noUDP&sock=slot1_6_7037_f3f7_91515>
...
040 (3897080.000.000) 07/06 11:02:41 Finished transferring input files
...
001 (3897080.000.000) 07/06 11:02:42 Job executing on host: <188.185.192.173:9618?addrs=188.185.192.173-9618+[2001-1458-303-1f--100-a9]-9618&alias=b9p13p0054.cern.ch&noUDP&sock=startd_5850_311f>
	SlotName: slot1_6@b9p13p0054.cern.ch
	CondorScratchDir = "/pool/condor/dir_3192287"
	Cpus = 1
	Disk = 3836
	GPUs = 0
	Memory = 3000
...
006 (3897080.000.000) 07/06 11:02:51 Image size of job updated: 308444
	302  -  MemoryUsage of job (MB)
	308444  -  ResidentSetSize of job (KB)
...
006 (3897080.000.000) 07/06 11:07:52 Image size of job updated: 2774116
	2710  -  MemoryUsage of job (MB)
	2774116  -  ResidentSetSize of job (KB)
...
006 (3897080.000.000) 07/06 11:12:52 Image size of job updated: 2774120
	2710  -  MemoryUsage of job (MB)
	2774120  -  ResidentSetSize of job (KB)
...
040 (3897080.000.000) 07/06 11:22:53 Started transferring output files
...
040 (3897080.000.000) 07/06 11:22:53 Finished transferring output files
...
009 (3897080.000.000) 07/06 11:22:53 Job was aborted.
	Job removed by SYSTEM_PERIODIC_REMOVE due to wall time exceeded allowed max.
...
