/pool/condor/dir_980502/tmp/Job_0
#--------------------------------------------------------------------------
#                         FastJet release 3.4.1
#                 M. Cacciari, G.P. Salam and G. Soyez                  
#     A software package for jet finding and analysis at colliders      
#                           http://fastjet.fr                           
#	                                                                      
# Please cite EPJC72(2012)1896 [arXiv:1111.6097] if you use this package
# for scientific work and optionally PLB641(2006)57 [hep-ph/0512210].   
#                                                                       
# FastJet is provided without warranty under the GNU GPL v2 or higher.  
# It uses T. Chan's closest pair algorithm, S. Fortune's Voronoi code
# and 3rd party plugin jet algorithms. See COPYING file for details.
#--------------------------------------------------------------------------
--- files in workdir after cmsRun ---
total 37492
drwxr-xr-x. 2 mspannri zh      138 Jul  7 14:41 .
drwx------. 3 mspannri zh       27 Jul  7 14:40 ..
-rw-r--r--. 1 mspannri zh  3471662 Jul  7 15:03 DQMIO.root
-rw-r--r--. 1 mspannri zh    43479 Jul  7 14:40 hlt.log
-rw-r--r--. 1 mspannri zh     1459 Jul  7 14:40 hlt.stdout
-rw-r--r--. 1 mspannri zh 29978301 Jul  7 15:03 output.root
-rw-r--r--. 1 mspannri zh  4883190 Jul  7 14:40 run_cfg.py
-rwxr-xr-x. 1 mspannri zh      406 Jul  7 14:40 sub_0.sh
