000 (3898289.015.000) 07/07 09:44:24 Job submitted from host: <188.185.129.8:9618?addrs=188.185.129.8-9618+[2001-1458-d03-1--100-8a]-9618&alias=bigbird101.cern.ch&noUDP&sock=schedd_4163165_7dc3>
...
040 (3898289.015.000) 07/07 09:49:30 Started transferring input files
	Transferring to host: <188.185.209.57:9618?addrs=188.185.209.57-9618+[2001-1458-303-11--100-36]-9618&alias=b9p11p1058.cern.ch&noUDP&sock=slot1_24_4244_0826_275884>
...
040 (3898289.015.000) 07/07 09:49:30 Finished transferring input files
...
001 (3898289.015.000) 07/07 09:49:31 Job executing on host: <188.185.209.57:9618?addrs=188.185.209.57-9618+[2001-1458-303-11--100-36]-9618&alias=b9p11p1058.cern.ch&noUDP&sock=startd_3612_1c2b>
	SlotName: slot1_24@b9p11p1058.cern.ch
	CondorScratchDir = "/pool/condor/dir_1625936"
	Cpus = 1
	Disk = 3692
	GPUs = 0
	Memory = 3000
...
006 (3898289.015.000) 07/07 09:49:45 Image size of job updated: 334480
	167  -  MemoryUsage of job (MB)
	170260  -  ResidentSetSize of job (KB)
...
006 (3898289.015.000) 07/07 09:54:46 Image size of job updated: 2232812
	2130  -  MemoryUsage of job (MB)
	2180596  -  ResidentSetSize of job (KB)
...
006 (3898289.015.000) 07/07 09:59:46 Image size of job updated: 2266156
	2161  -  MemoryUsage of job (MB)
	2212832  -  ResidentSetSize of job (KB)
...
006 (3898289.015.000) 07/07 10:04:46 Image size of job updated: 2376232
	2285  -  MemoryUsage of job (MB)
	2339100  -  ResidentSetSize of job (KB)
...
006 (3898289.015.000) 07/07 10:09:47 Image size of job updated: 2405200
	2285  -  MemoryUsage of job (MB)
	2339100  -  ResidentSetSize of job (KB)
...
040 (3898289.015.000) 07/07 10:09:59 Started transferring output files
...
040 (3898289.015.000) 07/07 10:10:00 Finished transferring output files
...
005 (3898289.015.000) 07/07 10:10:00 Job terminated.
	(1) Normal termination (return value 0)
		Usr 0 00:18:32, Sys 0 00:00:48  -  Run Remote Usage
		Usr 0 00:00:00, Sys 0 00:00:00  -  Run Local Usage
		Usr 0 00:18:32, Sys 0 00:00:48  -  Total Remote Usage
		Usr 0 00:00:00, Sys 0 00:00:00  -  Total Local Usage
	28127217  -  Run Bytes Sent By Job
	406  -  Run Bytes Received By Job
	28127217  -  Total Bytes Sent By Job
	406  -  Total Bytes Received By Job
	Partitionable Resources :    Usage  Request Allocated 
	   Cpus                 :     0.99        1         1 
	   Disk (KB)            : 32264           1      3692 
	   GPUs                 :                           0 
	   Memory (MB)          :  2285        3000      3000 
	   TimeExecute (s)      :  1228                       
	   TimeSlotBusy (s)     :  1231                       
...
