000 (3898288.009.000) 07/07 09:44:03 Job submitted from host: <188.185.129.8:9618?addrs=188.185.129.8-9618+[2001-1458-d03-1--100-8a]-9618&alias=bigbird101.cern.ch&noUDP&sock=schedd_4163165_7dc3>
...
040 (3898288.009.000) 07/07 09:49:32 Started transferring input files
	Transferring to host: <188.185.196.25:9618?addrs=188.185.196.25-9618+[2001-1458-303-23--100-15]-9618&alias=b9p16p7150.cern.ch&noUDP&sock=slot1_11_3275_489e_163546>
...
040 (3898288.009.000) 07/07 09:49:32 Finished transferring input files
...
001 (3898288.009.000) 07/07 09:49:33 Job executing on host: <188.185.196.25:9618?addrs=188.185.196.25-9618+[2001-1458-303-23--100-15]-9618&alias=b9p16p7150.cern.ch&noUDP&sock=startd_3223_49d4>
	SlotName: slot1_11@b9p16p7150.cern.ch
	CondorScratchDir = "/pool/condor/dir_1990852"
	Cpus = 1
	Disk = 3808
	GPUs = 0
	Memory = 3000
...
006 (3898288.009.000) 07/07 09:49:47 Image size of job updated: 326920
	320  -  MemoryUsage of job (MB)
	326920  -  ResidentSetSize of job (KB)
...
006 (3898288.009.000) 07/07 09:54:48 Image size of job updated: 2276388
	2184  -  MemoryUsage of job (MB)
	2236196  -  ResidentSetSize of job (KB)
...
006 (3898288.009.000) 07/07 09:59:49 Image size of job updated: 2326220
	2189  -  MemoryUsage of job (MB)
	2241332  -  ResidentSetSize of job (KB)
...
006 (3898288.009.000) 07/07 10:04:49 Image size of job updated: 2339964
	2196  -  MemoryUsage of job (MB)
	2248032  -  ResidentSetSize of job (KB)
...
006 (3898288.009.000) 07/07 10:09:50 Image size of job updated: 2339964
	2232  -  MemoryUsage of job (MB)
	2285240  -  ResidentSetSize of job (KB)
...
006 (3898288.009.000) 07/07 10:14:51 Image size of job updated: 2410284
	2306  -  MemoryUsage of job (MB)
	2361176  -  ResidentSetSize of job (KB)
...
006 (3898288.009.000) 07/07 10:19:51 Image size of job updated: 2439748
	2313  -  MemoryUsage of job (MB)
	2367580  -  ResidentSetSize of job (KB)
...
006 (3898288.009.000) 07/07 10:24:38 Image size of job updated: 2442816
	2313  -  MemoryUsage of job (MB)
	2367580  -  ResidentSetSize of job (KB)
...
040 (3898288.009.000) 07/07 10:24:38 Started transferring output files
...
040 (3898288.009.000) 07/07 10:24:38 Finished transferring output files
...
005 (3898288.009.000) 07/07 10:24:38 Job terminated.
	(1) Normal termination (return value 0)
		Usr 0 00:32:31, Sys 0 00:00:48  -  Run Remote Usage
		Usr 0 00:00:00, Sys 0 00:00:00  -  Run Local Usage
		Usr 0 00:32:31, Sys 0 00:00:48  -  Total Remote Usage
		Usr 0 00:00:00, Sys 0 00:00:00  -  Total Local Usage
	28121917  -  Run Bytes Sent By Job
	419  -  Run Bytes Received By Job
	28121917  -  Total Bytes Sent By Job
	419  -  Total Bytes Received By Job
	Partitionable Resources :    Usage  Request Allocated 
	   Cpus                 :     0.99        1         1 
	   Disk (KB)            : 32256           1      3808 
	   GPUs                 :                           0 
	   Memory (MB)          :  2313        3000      3000 
	   TimeExecute (s)      :  2105                       
	   TimeSlotBusy (s)     :  2107                       
...
