000 (3898288.011.000) 07/07 09:44:02 Job submitted from host: <188.185.129.8:9618?addrs=188.185.129.8-9618+[2001-1458-d03-1--100-8a]-9618&alias=bigbird101.cern.ch&noUDP&sock=schedd_4163165_7dc3>
...
040 (3898288.011.000) 07/07 09:49:24 Started transferring input files
	Transferring to host: <188.185.209.225:9618?addrs=188.185.209.225-9618+[2001-1458-303-12--100-5e]-9618&alias=b9p12p3280.cern.ch&noUDP&sock=slot1_16_584640_84d7_34579>
...
040 (3898288.011.000) 07/07 09:49:24 Finished transferring input files
...
001 (3898288.011.000) 07/07 09:49:25 Job executing on host: <188.185.209.225:9618?addrs=188.185.209.225-9618+[2001-1458-303-12--100-5e]-9618&alias=b9p12p3280.cern.ch&noUDP&sock=startd_10442_ec04>
	SlotName: slot1_16@b9p12p3280.cern.ch
	CondorScratchDir = "/pool/condor/dir_416444"
	Cpus = 1
	Disk = 3722
	GPUs = 0
	Memory = 3000
...
006 (3898288.011.000) 07/07 09:49:39 Image size of job updated: 311076
	172  -  MemoryUsage of job (MB)
	175416  -  ResidentSetSize of job (KB)
...
006 (3898288.011.000) 07/07 09:54:40 Image size of job updated: 2347292
	2262  -  MemoryUsage of job (MB)
	2315636  -  ResidentSetSize of job (KB)
...
006 (3898288.011.000) 07/07 09:59:40 Image size of job updated: 2383032
	2266  -  MemoryUsage of job (MB)
	2320136  -  ResidentSetSize of job (KB)
...
006 (3898288.011.000) 07/07 10:04:41 Image size of job updated: 2413168
	2267  -  MemoryUsage of job (MB)
	2320540  -  ResidentSetSize of job (KB)
...
006 (3898288.011.000) 07/07 10:09:42 Image size of job updated: 2481492
	2397  -  MemoryUsage of job (MB)
	2454020  -  ResidentSetSize of job (KB)
...
006 (3898288.011.000) 07/07 10:14:41 Image size of job updated: 2501840
	2397  -  MemoryUsage of job (MB)
	2454020  -  ResidentSetSize of job (KB)
...
040 (3898288.011.000) 07/07 10:14:41 Started transferring output files
...
040 (3898288.011.000) 07/07 10:14:42 Finished transferring output files
...
005 (3898288.011.000) 07/07 10:14:42 Job terminated.
	(1) Normal termination (return value 0)
		Usr 0 00:22:56, Sys 0 00:00:48  -  Run Remote Usage
		Usr 0 00:00:00, Sys 0 00:00:00  -  Run Local Usage
		Usr 0 00:22:56, Sys 0 00:00:48  -  Total Remote Usage
		Usr 0 00:00:00, Sys 0 00:00:00  -  Total Local Usage
	28149953  -  Run Bytes Sent By Job
	419  -  Run Bytes Received By Job
	28149953  -  Total Bytes Sent By Job
	419  -  Total Bytes Received By Job
	Partitionable Resources :    Usage  Request Allocated 
	   Cpus                 :     0.99        1         1 
	   Disk (KB)            : 32287           1      3722 
	   GPUs                 :                           0 
	   Memory (MB)          :  2397        3000      3000 
	   TimeExecute (s)      :  1516                       
	   TimeSlotBusy (s)     :  1519                       
...
