000 (3898288.012.000) 07/07 09:44:02 Job submitted from host: <188.185.129.8:9618?addrs=188.185.129.8-9618+[2001-1458-d03-1--100-8a]-9618&alias=bigbird101.cern.ch&noUDP&sock=schedd_4163165_7dc3>
...
040 (3898288.012.000) 07/07 09:49:24 Started transferring input files
	Transferring to host: <188.185.208.136:9618?addrs=188.185.208.136-9618+[2001-1458-303-10--100-5]-9618&alias=b9p10p5730.cern.ch&noUDP&sock=slot1_19_11251_18e3_285371>
...
040 (3898288.012.000) 07/07 09:49:24 Finished transferring input files
...
001 (3898288.012.000) 07/07 09:49:25 Job executing on host: <188.185.208.136:9618?addrs=188.185.208.136-9618+[2001-1458-303-10--100-5]-9618&alias=b9p10p5730.cern.ch&noUDP&sock=startd_10843_f97f>
	SlotName: slot1_19@b9p10p5730.cern.ch
	CondorScratchDir = "/pool/condor/dir_3953367"
	Cpus = 1
	Disk = 3601
	GPUs = 0
	Memory = 3000
...
006 (3898288.012.000) 07/07 09:49:39 Image size of job updated: 307380
	159  -  MemoryUsage of job (MB)
	162488  -  ResidentSetSize of job (KB)
...
006 (3898288.012.000) 07/07 09:54:40 Image size of job updated: 2247780
	2131  -  MemoryUsage of job (MB)
	2181168  -  ResidentSetSize of job (KB)
...
006 (3898288.012.000) 07/07 09:59:40 Image size of job updated: 2287912
	2220  -  MemoryUsage of job (MB)
	2272732  -  ResidentSetSize of job (KB)
...
006 (3898288.012.000) 07/07 10:04:40 Image size of job updated: 2362104
	2281  -  MemoryUsage of job (MB)
	2335240  -  ResidentSetSize of job (KB)
...
006 (3898288.012.000) 07/07 10:09:41 Image size of job updated: 2388792
	2290  -  MemoryUsage of job (MB)
	2344136  -  ResidentSetSize of job (KB)
...
040 (3898288.012.000) 07/07 10:10:03 Started transferring output files
...
040 (3898288.012.000) 07/07 10:10:03 Finished transferring output files
...
005 (3898288.012.000) 07/07 10:10:03 Job terminated.
	(1) Normal termination (return value 0)
		Usr 0 00:18:36, Sys 0 00:00:47  -  Run Remote Usage
		Usr 0 00:00:00, Sys 0 00:00:00  -  Run Local Usage
		Usr 0 00:18:36, Sys 0 00:00:47  -  Total Remote Usage
		Usr 0 00:00:00, Sys 0 00:00:00  -  Total Local Usage
	28134551  -  Run Bytes Sent By Job
	415  -  Run Bytes Received By Job
	28134551  -  Total Bytes Sent By Job
	415  -  Total Bytes Received By Job
	Partitionable Resources :    Usage  Request Allocated 
	   Cpus                 :     0.97        1         1 
	   Disk (KB)            : 32271           1      3601 
	   GPUs                 :                           0 
	   Memory (MB)          :  2290        3000      3000 
	   TimeExecute (s)      :  1238                       
	   TimeSlotBusy (s)     :  1240                       
...
