000 (3898289.002.000) 07/07 09:44:24 Job submitted from host: <188.185.129.8:9618?addrs=188.185.129.8-9618+[2001-1458-d03-1--100-8a]-9618&alias=bigbird101.cern.ch&noUDP&sock=schedd_4163165_7dc3>
...
040 (3898289.002.000) 07/07 09:49:27 Started transferring input files
	Transferring to host: <188.185.193.20:9618?addrs=188.185.193.20-9618+[2001-1458-303-20--100-10]-9618&alias=b9p19p4434.cern.ch&noUDP&sock=slot1_31_2064345_8d43_9823>
...
040 (3898289.002.000) 07/07 09:49:27 Finished transferring input files
...
001 (3898289.002.000) 07/07 09:49:28 Job executing on host: <188.185.193.20:9618?addrs=188.185.193.20-9618+[2001-1458-303-20--100-10]-9618&alias=b9p19p4434.cern.ch&noUDP&sock=startd_3349074_c748>
	SlotName: slot1_31@b9p19p4434.cern.ch
	CondorScratchDir = "/pool/condor/dir_3353035"
	Cpus = 1
	Disk = 3951
	GPUs = 0
	Memory = 3000
...
006 (3898289.002.000) 07/07 09:49:41 Image size of job updated: 299416
	293  -  MemoryUsage of job (MB)
	299416  -  ResidentSetSize of job (KB)
...
006 (3898289.002.000) 07/07 09:54:41 Image size of job updated: 2141216
	2066  -  MemoryUsage of job (MB)
	2115168  -  ResidentSetSize of job (KB)
...
006 (3898289.002.000) 07/07 09:59:42 Image size of job updated: 2159468
	2066  -  MemoryUsage of job (MB)
	2115168  -  ResidentSetSize of job (KB)
...
006 (3898289.002.000) 07/07 10:04:42 Image size of job updated: 2167548
	2066  -  MemoryUsage of job (MB)
	2115168  -  ResidentSetSize of job (KB)
...
006 (3898289.002.000) 07/07 10:09:42 Image size of job updated: 2176980
	2075  -  MemoryUsage of job (MB)
	2124404  -  ResidentSetSize of job (KB)
...
040 (3898289.002.000) 07/07 10:12:59 Started transferring output files
...
040 (3898289.002.000) 07/07 10:13:00 Finished transferring output files
...
005 (3898289.002.000) 07/07 10:13:00 Job terminated.
	(1) Normal termination (return value 0)
		Usr 0 00:21:42, Sys 0 00:00:38  -  Run Remote Usage
		Usr 0 00:00:00, Sys 0 00:00:00  -  Run Local Usage
		Usr 0 00:21:42, Sys 0 00:00:38  -  Total Remote Usage
		Usr 0 00:00:00, Sys 0 00:00:00  -  Total Local Usage
	28122223  -  Run Bytes Sent By Job
	410  -  Run Bytes Received By Job
	28122223  -  Total Bytes Sent By Job
	410  -  Total Bytes Received By Job
	Partitionable Resources :    Usage  Request Allocated 
	   Cpus                 :     0.95        1         1 
	   Disk (KB)            : 32256           1      3951 
	   GPUs                 :                           0 
	   Memory (MB)          :  2075        3000      3000 
	   TimeExecute (s)      :  1411                       
	   TimeSlotBusy (s)     :  1414                       
...
