000 (3898288.000.000) 07/07 09:44:02 Job submitted from host: <188.185.129.8:9618?addrs=188.185.129.8-9618+[2001-1458-d03-1--100-8a]-9618&alias=bigbird101.cern.ch&noUDP&sock=schedd_4163165_7dc3>
...
040 (3898288.000.000) 07/07 09:49:21 Started transferring input files
	Transferring to host: <128.142.161.97:9618?addrs=128.142.161.97-9618+[2001-1458-301-b8--100-1f]-9618&alias=b9g03p7944.cern.ch&noUDP&sock=slot1_27_3334086_f3d5_394565>
...
040 (3898288.000.000) 07/07 09:49:21 Finished transferring input files
...
001 (3898288.000.000) 07/07 09:49:22 Job executing on host: <128.142.161.97:9618?addrs=128.142.161.97-9618+[2001-1458-301-b8--100-1f]-9618&alias=b9g03p7944.cern.ch&noUDP&sock=startd_3302_79cf>
	SlotName: slot1_27@b9g03p7944.cern.ch
	CondorScratchDir = "/pool/condor/dir_4118385"
	Cpus = 1
	Disk = 4041
	GPUs = 0
	Memory = 3000
...
006 (3898288.000.000) 07/07 09:49:36 Image size of job updated: 314384
	308  -  MemoryUsage of job (MB)
	314384  -  ResidentSetSize of job (KB)
...
006 (3898288.000.000) 07/07 09:54:37 Image size of job updated: 2267596
	2157  -  MemoryUsage of job (MB)
	2208724  -  ResidentSetSize of job (KB)
...
006 (3898288.000.000) 07/07 09:59:38 Image size of job updated: 2281336
	2157  -  MemoryUsage of job (MB)
	2208724  -  ResidentSetSize of job (KB)
...
006 (3898288.000.000) 07/07 10:04:38 Image size of job updated: 2281336
	2165  -  MemoryUsage of job (MB)
	2216620  -  ResidentSetSize of job (KB)
...
006 (3898288.000.000) 07/07 10:09:39 Image size of job updated: 2295900
	2168  -  MemoryUsage of job (MB)
	2219688  -  ResidentSetSize of job (KB)
...
006 (3898288.000.000) 07/07 10:14:40 Image size of job updated: 2401996
	2244  -  MemoryUsage of job (MB)
	2297124  -  ResidentSetSize of job (KB)
...
040 (3898288.000.000) 07/07 10:17:37 Started transferring output files
...
040 (3898288.000.000) 07/07 10:17:38 Finished transferring output files
...
005 (3898288.000.000) 07/07 10:17:38 Job terminated.
	(1) Normal termination (return value 0)
		Usr 0 00:26:13, Sys 0 00:00:40  -  Run Remote Usage
		Usr 0 00:00:00, Sys 0 00:00:00  -  Run Local Usage
		Usr 0 00:26:13, Sys 0 00:00:40  -  Total Remote Usage
		Usr 0 00:00:00, Sys 0 00:00:00  -  Total Local Usage
	28117618  -  Run Bytes Sent By Job
	415  -  Run Bytes Received By Job
	28117618  -  Total Bytes Sent By Job
	415  -  Total Bytes Received By Job
	Partitionable Resources :    Usage  Request Allocated 
	   Cpus                 :     1.00        1         1 
	   Disk (KB)            : 32252           1      4041 
	   GPUs                 :                           0 
	   Memory (MB)          :  2244        3000      3000 
	   TimeExecute (s)      :  1695                       
	   TimeSlotBusy (s)     :  1698                       
...
