000 (3898289.014.000) 07/07 09:44:24 Job submitted from host: <188.185.129.8:9618?addrs=188.185.129.8-9618+[2001-1458-d03-1--100-8a]-9618&alias=bigbird101.cern.ch&noUDP&sock=schedd_4163165_7dc3>
...
040 (3898289.014.000) 07/07 09:49:23 Started transferring input files
	Transferring to host: <188.185.207.8:9618?addrs=188.185.207.8-9618+[2001-1458-303-d--100-5]-9618&alias=b9p07p0229.cern.ch&noUDP&sock=slot1_24_89715_1559_278929>
...
040 (3898289.014.000) 07/07 09:49:23 Finished transferring input files
...
001 (3898289.014.000) 07/07 09:49:24 Job executing on host: <188.185.207.8:9618?addrs=188.185.207.8-9618+[2001-1458-303-d--100-5]-9618&alias=b9p07p0229.cern.ch&noUDP&sock=startd_6581_98db>
	SlotName: slot1_24@b9p07p0229.cern.ch
	CondorScratchDir = "/pool/condor/dir_60974"
	Cpus = 1
	Disk = 3646
	GPUs = 0
	Memory = 3000
...
006 (3898289.014.000) 07/07 09:49:38 Image size of job updated: 304520
	136  -  MemoryUsage of job (MB)
	138932  -  ResidentSetSize of job (KB)
...
006 (3898289.014.000) 07/07 09:54:39 Image size of job updated: 2181152
	2104  -  MemoryUsage of job (MB)
	2153696  -  ResidentSetSize of job (KB)
...
006 (3898289.014.000) 07/07 09:59:39 Image size of job updated: 2236792
	2108  -  MemoryUsage of job (MB)
	2157688  -  ResidentSetSize of job (KB)
...
006 (3898289.014.000) 07/07 10:04:40 Image size of job updated: 2304468
	2217  -  MemoryUsage of job (MB)
	2269812  -  ResidentSetSize of job (KB)
...
006 (3898289.014.000) 07/07 10:09:40 Image size of job updated: 2321164
	2230  -  MemoryUsage of job (MB)
	2282760  -  ResidentSetSize of job (KB)
...
040 (3898289.014.000) 07/07 10:10:23 Started transferring output files
...
040 (3898289.014.000) 07/07 10:10:24 Finished transferring output files
...
005 (3898289.014.000) 07/07 10:10:24 Job terminated.
	(1) Normal termination (return value 0)
		Usr 0 00:18:38, Sys 0 00:01:08  -  Run Remote Usage
		Usr 0 00:00:00, Sys 0 00:00:00  -  Run Local Usage
		Usr 0 00:18:38, Sys 0 00:01:08  -  Total Remote Usage
		Usr 0 00:00:00, Sys 0 00:00:00  -  Total Local Usage
	28119537  -  Run Bytes Sent By Job
	406  -  Run Bytes Received By Job
	28119537  -  Total Bytes Sent By Job
	406  -  Total Bytes Received By Job
	Partitionable Resources :    Usage  Request Allocated 
	   Cpus                 :     0.98        1         1 
	   Disk (KB)            : 32257           1      3646 
	   GPUs                 :                           0 
	   Memory (MB)          :  2230        3000      3000 
	   TimeExecute (s)      :  1259                       
	   TimeSlotBusy (s)     :  1262                       
...
