000 (3898289.019.000) 07/07 09:44:24 Job submitted from host: <188.185.129.8:9618?addrs=188.185.129.8-9618+[2001-1458-d03-1--100-8a]-9618&alias=bigbird101.cern.ch&noUDP&sock=schedd_4163165_7dc3>
...
040 (3898289.019.000) 07/07 09:49:31 Started transferring input files
	Transferring to host: <188.185.193.106:9618?addrs=188.185.193.106-9618+[2001-1458-303-20--100-66]-9618&alias=b9p19p0832.cern.ch&noUDP&sock=slot1_16_11108_573d_248862>
...
040 (3898289.019.000) 07/07 09:49:31 Finished transferring input files
...
001 (3898289.019.000) 07/07 09:49:32 Job executing on host: <188.185.193.106:9618?addrs=188.185.193.106-9618+[2001-1458-303-20--100-66]-9618&alias=b9p19p0832.cern.ch&noUDP&sock=startd_9379_cad8>
	SlotName: slot1_16@b9p19p0832.cern.ch
	CondorScratchDir = "/pool/condor/dir_1706942"
	Cpus = 1
	Disk = 3863
	GPUs = 0
	Memory = 3000
...
006 (3898289.019.000) 07/07 09:49:45 Image size of job updated: 305924
	299  -  MemoryUsage of job (MB)
	305924  -  ResidentSetSize of job (KB)
...
006 (3898289.019.000) 07/07 09:54:45 Image size of job updated: 2314208
	2221  -  MemoryUsage of job (MB)
	2273836  -  ResidentSetSize of job (KB)
...
006 (3898289.019.000) 07/07 09:59:46 Image size of job updated: 2353228
	2227  -  MemoryUsage of job (MB)
	2279708  -  ResidentSetSize of job (KB)
...
006 (3898289.019.000) 07/07 10:04:46 Image size of job updated: 2353228
	2235  -  MemoryUsage of job (MB)
	2288624  -  ResidentSetSize of job (KB)
...
006 (3898289.019.000) 07/07 10:09:46 Image size of job updated: 2353228
	2240  -  MemoryUsage of job (MB)
	2292928  -  ResidentSetSize of job (KB)
...
040 (3898289.019.000) 07/07 10:12:13 Started transferring output files
...
040 (3898289.019.000) 07/07 10:12:14 Finished transferring output files
...
005 (3898289.019.000) 07/07 10:12:14 Job terminated.
	(1) Normal termination (return value 0)
		Usr 0 00:20:48, Sys 0 00:00:30  -  Run Remote Usage
		Usr 0 00:00:00, Sys 0 00:00:00  -  Run Local Usage
		Usr 0 00:20:48, Sys 0 00:00:30  -  Total Remote Usage
		Usr 0 00:00:00, Sys 0 00:00:00  -  Total Local Usage
	28117019  -  Run Bytes Sent By Job
	406  -  Run Bytes Received By Job
	28117019  -  Total Bytes Sent By Job
	406  -  Total Bytes Received By Job
	Partitionable Resources :    Usage  Request Allocated 
	   Cpus                 :     0.99        1         1 
	   Disk (KB)            : 32251           1      3863 
	   GPUs                 :                           0 
	   Memory (MB)          :  2240        3000      3000 
	   TimeExecute (s)      :  1361                       
	   TimeSlotBusy (s)     :  1364                       
...
