000 (3898288.014.000) 07/07 09:44:02 Job submitted from host: <188.185.129.8:9618?addrs=188.185.129.8-9618+[2001-1458-d03-1--100-8a]-9618&alias=bigbird101.cern.ch&noUDP&sock=schedd_4163165_7dc3>
...
040 (3898288.014.000) 07/07 09:49:25 Started transferring input files
	Transferring to host: <188.185.206.139:9618?addrs=188.185.206.139-9618+[2001-1458-303-c--100-8]-9618&alias=b9p06p3069.cern.ch&noUDP&sock=slot1_2_4788_543c_273885>
...
040 (3898288.014.000) 07/07 09:49:25 Finished transferring input files
...
001 (3898288.014.000) 07/07 09:49:26 Job executing on host: <188.185.206.139:9618?addrs=188.185.206.139-9618+[2001-1458-303-c--100-8]-9618&alias=b9p06p3069.cern.ch&noUDP&sock=startd_4009_6b45>
	SlotName: slot1_2@b9p06p3069.cern.ch
	CondorScratchDir = "/pool/condor/dir_2530080"
	Cpus = 1
	Disk = 3564
	GPUs = 0
	Memory = 3000
...
006 (3898288.014.000) 07/07 09:49:40 Image size of job updated: 294572
	148  -  MemoryUsage of job (MB)
	151512  -  ResidentSetSize of job (KB)
...
006 (3898288.014.000) 07/07 09:54:41 Image size of job updated: 2155952
	2079  -  MemoryUsage of job (MB)
	2128308  -  ResidentSetSize of job (KB)
...
006 (3898288.014.000) 07/07 09:59:41 Image size of job updated: 2170604
	2091  -  MemoryUsage of job (MB)
	2140876  -  ResidentSetSize of job (KB)
...
006 (3898288.014.000) 07/07 10:04:41 Image size of job updated: 2284380
	2193  -  MemoryUsage of job (MB)
	2244868  -  ResidentSetSize of job (KB)
...
006 (3898288.014.000) 07/07 10:09:42 Image size of job updated: 2302784
	2229  -  MemoryUsage of job (MB)
	2282084  -  ResidentSetSize of job (KB)
...
040 (3898288.014.000) 07/07 10:09:56 Started transferring output files
...
040 (3898288.014.000) 07/07 10:09:57 Finished transferring output files
...
005 (3898288.014.000) 07/07 10:09:57 Job terminated.
	(1) Normal termination (return value 0)
		Usr 0 00:18:08, Sys 0 00:00:54  -  Run Remote Usage
		Usr 0 00:00:00, Sys 0 00:00:00  -  Run Local Usage
		Usr 0 00:18:08, Sys 0 00:00:54  -  Total Remote Usage
		Usr 0 00:00:00, Sys 0 00:00:00  -  Total Local Usage
	28122740  -  Run Bytes Sent By Job
	415  -  Run Bytes Received By Job
	28122740  -  Total Bytes Sent By Job
	415  -  Total Bytes Received By Job
	Partitionable Resources :    Usage  Request Allocated 
	   Cpus                 :     0.86        1         1 
	   Disk (KB)            : 32259           1      3564 
	   GPUs                 :                           0 
	   Memory (MB)          :  2229        3000      3000 
	   TimeExecute (s)      :  1230                       
	   TimeSlotBusy (s)     :  1233                       
...
