000 (3898288.003.000) 07/07 09:44:03 Job submitted from host: <188.185.129.8:9618?addrs=188.185.129.8-9618+[2001-1458-d03-1--100-8a]-9618&alias=bigbird101.cern.ch&noUDP&sock=schedd_4163165_7dc3>
...
040 (3898288.003.000) 07/07 09:49:21 Started transferring input files
	Transferring to host: <188.185.214.31:9618?addrs=188.185.214.31-9618+[2001-1458-303-1c--100-1b]-9618&alias=b9p29p8354.cern.ch&noUDP&sock=slot1_9_6332_377b_406387>
...
040 (3898288.003.000) 07/07 09:49:21 Finished transferring input files
...
001 (3898288.003.000) 07/07 09:49:22 Job executing on host: <188.185.214.31:9618?addrs=188.185.214.31-9618+[2001-1458-303-1c--100-1b]-9618&alias=b9p29p8354.cern.ch&noUDP&sock=startd_5533_c19a>
	SlotName: slot1_9@b9p29p8354.cern.ch
	CondorScratchDir = "/pool/condor/dir_3247439"
	Cpus = 1
	Disk = 3941
	GPUs = 0
	Memory = 3000
...
006 (3898288.003.000) 07/07 09:49:36 Image size of job updated: 305836
	156  -  MemoryUsage of job (MB)
	159328  -  ResidentSetSize of job (KB)
...
006 (3898288.003.000) 07/07 09:54:37 Image size of job updated: 2338936
	2152  -  MemoryUsage of job (MB)
	2202696  -  ResidentSetSize of job (KB)
...
040 (3898288.003.000) 07/07 10:03:09 Started transferring output files
...
040 (3898288.003.000) 07/07 10:03:10 Finished transferring output files
...
005 (3898288.003.000) 07/07 10:03:10 Job terminated.
	(1) Normal termination (return value 0)
		Usr 0 00:12:12, Sys 0 00:00:36  -  Run Remote Usage
		Usr 0 00:00:00, Sys 0 00:00:00  -  Run Local Usage
		Usr 0 00:12:12, Sys 0 00:00:36  -  Total Remote Usage
		Usr 0 00:00:00, Sys 0 00:00:00  -  Total Local Usage
	28116072  -  Run Bytes Sent By Job
	419  -  Run Bytes Received By Job
	28116072  -  Total Bytes Sent By Job
	419  -  Total Bytes Received By Job
	Partitionable Resources :    Usage  Request Allocated 
	   Cpus                 :     0.99        1         1 
	   Disk (KB)            : 32250           1      3941 
	   GPUs                 :                           0 
	   Memory (MB)          :  2152        3000      3000 
	   TimeExecute (s)      :   827                       
	   TimeSlotBusy (s)     :   830                       
...
