000 (3898289.003.000) 07/07 09:44:24 Job submitted from host: <188.185.129.8:9618?addrs=188.185.129.8-9618+[2001-1458-d03-1--100-8a]-9618&alias=bigbird101.cern.ch&noUDP&sock=schedd_4163165_7dc3>
...
040 (3898289.003.000) 07/07 09:49:27 Started transferring input files
	Transferring to host: <188.185.208.160:9618?addrs=188.185.208.160-9618+[2001-1458-303-10--100-1d]-9618&alias=b9p10p7215.cern.ch&noUDP&sock=slot1_24_5255_5f6f_282638>
...
040 (3898289.003.000) 07/07 09:49:27 Finished transferring input files
...
001 (3898289.003.000) 07/07 09:49:28 Job executing on host: <188.185.208.160:9618?addrs=188.185.208.160-9618+[2001-1458-303-10--100-1d]-9618&alias=b9p10p7215.cern.ch&noUDP&sock=startd_4444_caf7>
	SlotName: slot1_24@b9p10p7215.cern.ch
	CondorScratchDir = "/pool/condor/dir_4010596"
	Cpus = 1
	Disk = 3555
	GPUs = 0
	Memory = 3000
...
006 (3898289.003.000) 07/07 09:49:42 Image size of job updated: 302084
	158  -  MemoryUsage of job (MB)
	160940  -  ResidentSetSize of job (KB)
...
006 (3898289.003.000) 07/07 09:54:43 Image size of job updated: 2163452
	2082  -  MemoryUsage of job (MB)
	2131024  -  ResidentSetSize of job (KB)
...
006 (3898289.003.000) 07/07 09:59:43 Image size of job updated: 2321704
	2135  -  MemoryUsage of job (MB)
	2185356  -  ResidentSetSize of job (KB)
...
006 (3898289.003.000) 07/07 10:09:44 Image size of job updated: 2321704
	2235  -  MemoryUsage of job (MB)
	2288556  -  ResidentSetSize of job (KB)
...
006 (3898289.003.000) 07/07 10:10:33 Image size of job updated: 2321704
	2237  -  MemoryUsage of job (MB)
	2289676  -  ResidentSetSize of job (KB)
...
040 (3898289.003.000) 07/07 10:10:33 Started transferring output files
...
040 (3898289.003.000) 07/07 10:10:34 Finished transferring output files
...
005 (3898289.003.000) 07/07 10:10:34 Job terminated.
	(1) Normal termination (return value 0)
		Usr 0 00:18:09, Sys 0 00:01:11  -  Run Remote Usage
		Usr 0 00:00:00, Sys 0 00:00:00  -  Run Local Usage
		Usr 0 00:18:09, Sys 0 00:01:11  -  Total Remote Usage
		Usr 0 00:00:00, Sys 0 00:00:00  -  Total Local Usage
	28115615  -  Run Bytes Sent By Job
	410  -  Run Bytes Received By Job
	28115615  -  Total Bytes Sent By Job
	410  -  Total Bytes Received By Job
	Partitionable Resources :    Usage  Request Allocated 
	   Cpus                 :     0.95        1         1 
	   Disk (KB)            : 32254           1      3555 
	   GPUs                 :                           0 
	   Memory (MB)          :  2237        3000      3000 
	   TimeExecute (s)      :  1265                       
	   TimeSlotBusy (s)     :  1268                       
...
