000 (3898288.001.000) 07/07 09:44:02 Job submitted from host: <188.185.129.8:9618?addrs=188.185.129.8-9618+[2001-1458-d03-1--100-8a]-9618&alias=bigbird101.cern.ch&noUDP&sock=schedd_4163165_7dc3>
...
040 (3898288.001.000) 07/07 09:49:22 Started transferring input files
	Transferring to host: <188.185.214.81:9618?addrs=188.185.214.81-9618+[2001-1458-303-1c--100-4d]-9618&alias=b9p29p6095.cern.ch&noUDP&sock=slot1_13_2598912_5ccd_169313>
...
040 (3898288.001.000) 07/07 09:49:22 Finished transferring input files
...
001 (3898288.001.000) 07/07 09:49:23 Job executing on host: <188.185.214.81:9618?addrs=188.185.214.81-9618+[2001-1458-303-1c--100-4d]-9618&alias=b9p29p6095.cern.ch&noUDP&sock=startd_2598870_3bd6>
	SlotName: slot1_13@b9p29p6095.cern.ch
	CondorScratchDir = "/pool/condor/dir_1135677"
	Cpus = 1
	Disk = 3757
	GPUs = 0
	Memory = 3000
...
006 (3898288.001.000) 07/07 09:49:36 Image size of job updated: 307104
	159  -  MemoryUsage of job (MB)
	162012  -  ResidentSetSize of job (KB)
...
006 (3898288.001.000) 07/07 09:54:36 Image size of job updated: 2362604
	2248  -  MemoryUsage of job (MB)
	2301732  -  ResidentSetSize of job (KB)
...
006 (3898288.001.000) 07/07 09:59:37 Image size of job updated: 2362604
	2264  -  MemoryUsage of job (MB)
	2318044  -  ResidentSetSize of job (KB)
...
006 (3898288.001.000) 07/07 10:04:37 Image size of job updated: 2453860
	2338  -  MemoryUsage of job (MB)
	2393632  -  ResidentSetSize of job (KB)
...
006 (3898288.001.000) 07/07 10:08:35 Image size of job updated: 2463072
	2338  -  MemoryUsage of job (MB)
	2393632  -  ResidentSetSize of job (KB)
...
040 (3898288.001.000) 07/07 10:08:35 Started transferring output files
...
040 (3898288.001.000) 07/07 10:08:36 Finished transferring output files
...
005 (3898288.001.000) 07/07 10:08:36 Job terminated.
	(1) Normal termination (return value 0)
		Usr 0 00:17:23, Sys 0 00:00:38  -  Run Remote Usage
		Usr 0 00:00:00, Sys 0 00:00:00  -  Run Local Usage
		Usr 0 00:17:23, Sys 0 00:00:38  -  Total Remote Usage
		Usr 0 00:00:00, Sys 0 00:00:00  -  Total Local Usage
	28128485  -  Run Bytes Sent By Job
	415  -  Run Bytes Received By Job
	28128485  -  Total Bytes Sent By Job
	415  -  Total Bytes Received By Job
	Partitionable Resources :    Usage  Request Allocated 
	   Cpus                 :     0.95        1         1 
	   Disk (KB)            : 32263           1      3757 
	   GPUs                 :                           0 
	   Memory (MB)          :  2338        3000      3000 
	   TimeExecute (s)      :  1152                       
	   TimeSlotBusy (s)     :  1155                       
...
