000 (3898289.011.000) 07/07 09:44:24 Job submitted from host: <188.185.129.8:9618?addrs=188.185.129.8-9618+[2001-1458-d03-1--100-8a]-9618&alias=bigbird101.cern.ch&noUDP&sock=schedd_4163165_7dc3>
...
040 (3898289.011.000) 07/07 09:49:29 Started transferring input files
	Transferring to host: <188.185.204.238:9618?addrs=188.185.204.238-9618+[2001-1458-303-8--100-6b]-9618&alias=b9p02p2992.cern.ch&noUDP&sock=slot1_23_9192_586f_277735>
...
040 (3898289.011.000) 07/07 09:49:29 Finished transferring input files
...
001 (3898289.011.000) 07/07 09:49:30 Job executing on host: <188.185.204.238:9618?addrs=188.185.204.238-9618+[2001-1458-303-8--100-6b]-9618&alias=b9p02p2992.cern.ch&noUDP&sock=startd_7681_1b08>
	SlotName: slot1_23@b9p02p2992.cern.ch
	CondorScratchDir = "/pool/condor/dir_3832358"
	Cpus = 1
	Disk = 3672
	GPUs = 0
	Memory = 3000
...
006 (3898289.011.000) 07/07 09:49:44 Image size of job updated: 305860
	155  -  MemoryUsage of job (MB)
	158204  -  ResidentSetSize of job (KB)
...
006 (3898289.011.000) 07/07 09:54:45 Image size of job updated: 2350268
	2275  -  MemoryUsage of job (MB)
	2329036  -  ResidentSetSize of job (KB)
...
006 (3898289.011.000) 07/07 09:59:45 Image size of job updated: 2391820
	2275  -  MemoryUsage of job (MB)
	2329040  -  ResidentSetSize of job (KB)
...
006 (3898289.011.000) 07/07 10:09:46 Image size of job updated: 2473848
	2388  -  MemoryUsage of job (MB)
	2444780  -  ResidentSetSize of job (KB)
...
006 (3898289.011.000) 07/07 10:14:11 Image size of job updated: 2524472
	2388  -  MemoryUsage of job (MB)
	2444788  -  ResidentSetSize of job (KB)
...
040 (3898289.011.000) 07/07 10:14:11 Started transferring output files
...
040 (3898289.011.000) 07/07 10:14:12 Finished transferring output files
...
005 (3898289.011.000) 07/07 10:14:12 Job terminated.
	(1) Normal termination (return value 0)
		Usr 0 00:22:18, Sys 0 00:00:58  -  Run Remote Usage
		Usr 0 00:00:00, Sys 0 00:00:00  -  Run Local Usage
		Usr 0 00:22:18, Sys 0 00:00:58  -  Total Remote Usage
		Usr 0 00:00:00, Sys 0 00:00:00  -  Total Local Usage
	28148624  -  Run Bytes Sent By Job
	410  -  Run Bytes Received By Job
	28148624  -  Total Bytes Sent By Job
	410  -  Total Bytes Received By Job
	Partitionable Resources :    Usage  Request Allocated 
	   Cpus                 :     0.96        1         1 
	   Disk (KB)            : 32285           1      3672 
	   GPUs                 :                           0 
	   Memory (MB)          :  2388        3000      3000 
	   TimeExecute (s)      :  1481                       
	   TimeSlotBusy (s)     :  1484                       
...
