000 (3898288.005.000) 07/07 09:44:03 Job submitted from host: <188.185.129.8:9618?addrs=188.185.129.8-9618+[2001-1458-d03-1--100-8a]-9618&alias=bigbird101.cern.ch&noUDP&sock=schedd_4163165_7dc3>
...
040 (3898288.005.000) 07/07 09:49:22 Started transferring input files
	Transferring to host: <188.185.207.45:9618?addrs=188.185.207.45-9618+[2001-1458-303-d--100-2a]-9618&alias=b9p07p4685.cern.ch&noUDP&sock=slot1_9_96893_a23d_33118>
...
040 (3898288.005.000) 07/07 09:49:22 Finished transferring input files
...
001 (3898288.005.000) 07/07 09:49:23 Job executing on host: <188.185.207.45:9618?addrs=188.185.207.45-9618+[2001-1458-303-d--100-2a]-9618&alias=b9p07p4685.cern.ch&noUDP&sock=startd_10475_8ea4>
	SlotName: slot1_9@b9p07p4685.cern.ch
	CondorScratchDir = "/pool/condor/dir_2407058"
	Cpus = 1
	Disk = 3663
	GPUs = 0
	Memory = 3000
...
006 (3898288.005.000) 07/07 09:49:37 Image size of job updated: 298384
	174  -  MemoryUsage of job (MB)
	177292  -  ResidentSetSize of job (KB)
...
006 (3898288.005.000) 07/07 09:54:39 Image size of job updated: 2305920
	2252  -  MemoryUsage of job (MB)
	2305920  -  ResidentSetSize of job (KB)
...
006 (3898288.005.000) 07/07 09:59:39 Image size of job updated: 2336160
	2252  -  MemoryUsage of job (MB)
	2305920  -  ResidentSetSize of job (KB)
...
006 (3898288.005.000) 07/07 10:04:33 Image size of job updated: 2420004
	2252  -  MemoryUsage of job (MB)
	2305920  -  ResidentSetSize of job (KB)
...
040 (3898288.005.000) 07/07 10:04:33 Started transferring output files
...
040 (3898288.005.000) 07/07 10:04:34 Finished transferring output files
...
005 (3898288.005.000) 07/07 10:04:34 Job terminated.
	(1) Normal termination (return value 0)
		Usr 0 00:13:26, Sys 0 00:00:35  -  Run Remote Usage
		Usr 0 00:00:00, Sys 0 00:00:00  -  Run Local Usage
		Usr 0 00:13:26, Sys 0 00:00:35  -  Total Remote Usage
		Usr 0 00:00:00, Sys 0 00:00:00  -  Total Local Usage
	28113198  -  Run Bytes Sent By Job
	419  -  Run Bytes Received By Job
	28113198  -  Total Bytes Sent By Job
	419  -  Total Bytes Received By Job
	Partitionable Resources :    Usage  Request Allocated 
	   Cpus                 :     0.96        1         1 
	   Disk (KB)            : 32251           1      3663 
	   GPUs                 :                           0 
	   Memory (MB)          :  2252        3000      3000 
	   TimeExecute (s)      :   910                       
	   TimeSlotBusy (s)     :   913                       
...
